Performing C SOURCE FILE Test CMAKE_HAVE_LIBC_PTHREAD failed with the following output:
Change Dir: /home/nazar/RubymineProjects/codebreaker/new_super_codebreaker_2021/vendor/ruby/2.7.0/gems/rugged-0.27.5/vendor/libgit2/build/CMakeFiles/CMakeTmp

Run Build Command(s):/usr/bin/make cmTC_9b8a7/fast && /usr/bin/make -f CMakeFiles/cmTC_9b8a7.dir/build.make CMakeFiles/cmTC_9b8a7.dir/build
make[1]: Entering directory '/home/nazar/RubymineProjects/codebreaker/new_super_codebreaker_2021/vendor/ruby/2.7.0/gems/rugged-0.27.5/vendor/libgit2/build/CMakeFiles/CMakeTmp'
Building C object CMakeFiles/cmTC_9b8a7.dir/src.c.o
/usr/bin/cc   -fPIC -DCMAKE_HAVE_LIBC_PTHREAD   -o CMakeFiles/cmTC_9b8a7.dir/src.c.o   -c /home/nazar/RubymineProjects/codebreaker/new_super_codebreaker_2021/vendor/ruby/2.7.0/gems/rugged-0.27.5/vendor/libgit2/build/CMakeFiles/CMakeTmp/src.c
Linking C executable cmTC_9b8a7
/usr/bin/cmake -E cmake_link_script CMakeFiles/cmTC_9b8a7.dir/link.txt --verbose=1
/usr/bin/cc -fPIC -DCMAKE_HAVE_LIBC_PTHREAD    -rdynamic CMakeFiles/cmTC_9b8a7.dir/src.c.o  -o cmTC_9b8a7 
/usr/bin/ld: CMakeFiles/cmTC_9b8a7.dir/src.c.o: in function `main':
src.c:(.text+0x46): undefined reference to `pthread_create'
/usr/bin/ld: src.c:(.text+0x52): undefined reference to `pthread_detach'
/usr/bin/ld: src.c:(.text+0x63): undefined reference to `pthread_join'
collect2: error: ld returned 1 exit status
make[1]: *** [CMakeFiles/cmTC_9b8a7.dir/build.make:87: cmTC_9b8a7] Error 1
make[1]: Leaving directory '/home/nazar/RubymineProjects/codebreaker/new_super_codebreaker_2021/vendor/ruby/2.7.0/gems/rugged-0.27.5/vendor/libgit2/build/CMakeFiles/CMakeTmp'
make: *** [Makefile:121: cmTC_9b8a7/fast] Error 2


Source file was:
#include <pthread.h>

void* test_func(void* data)
{
  return data;
}

int main(void)
{
  pthread_t thread;
  pthread_create(&thread, NULL, test_func, NULL);
  pthread_detach(thread);
  pthread_join(thread, NULL);
  pthread_atfork(NULL, NULL, NULL);
  pthread_exit(NULL);

  return 0;
}

Determining if the function pthread_create exists in the pthreads failed with the following output:
Change Dir: /home/nazar/RubymineProjects/codebreaker/new_super_codebreaker_2021/vendor/ruby/2.7.0/gems/rugged-0.27.5/vendor/libgit2/build/CMakeFiles/CMakeTmp

Run Build Command(s):/usr/bin/make cmTC_d219d/fast && /usr/bin/make -f CMakeFiles/cmTC_d219d.dir/build.make CMakeFiles/cmTC_d219d.dir/build
make[1]: Entering directory '/home/nazar/RubymineProjects/codebreaker/new_super_codebreaker_2021/vendor/ruby/2.7.0/gems/rugged-0.27.5/vendor/libgit2/build/CMakeFiles/CMakeTmp'
Building C object CMakeFiles/cmTC_d219d.dir/CheckFunctionExists.c.o
/usr/bin/cc   -fPIC -DCHECK_FUNCTION_EXISTS=pthread_create   -o CMakeFiles/cmTC_d219d.dir/CheckFunctionExists.c.o   -c /usr/share/cmake-3.16/Modules/CheckFunctionExists.c
Linking C executable cmTC_d219d
/usr/bin/cmake -E cmake_link_script CMakeFiles/cmTC_d219d.dir/link.txt --verbose=1
/usr/bin/cc -fPIC -DCHECK_FUNCTION_EXISTS=pthread_create    -rdynamic CMakeFiles/cmTC_d219d.dir/CheckFunctionExists.c.o  -o cmTC_d219d  -lpthreads 
/usr/bin/ld: cannot find -lpthreads
collect2: error: ld returned 1 exit status
make[1]: *** [CMakeFiles/cmTC_d219d.dir/build.make:87: cmTC_d219d] Error 1
make[1]: Leaving directory '/home/nazar/RubymineProjects/codebreaker/new_super_codebreaker_2021/vendor/ruby/2.7.0/gems/rugged-0.27.5/vendor/libgit2/build/CMakeFiles/CMakeTmp'
make: *** [Makefile:121: cmTC_d219d/fast] Error 2



Performing C SOURCE FILE Test HAVE_STRUCT_STAT_ST_MTIMESPEC failed with the following output:
Change Dir: /home/nazar/RubymineProjects/codebreaker/new_super_codebreaker_2021/vendor/ruby/2.7.0/gems/rugged-0.27.5/vendor/libgit2/build/CMakeFiles/CMakeTmp

Run Build Command(s):/usr/bin/make cmTC_84934/fast && /usr/bin/make -f CMakeFiles/cmTC_84934.dir/build.make CMakeFiles/cmTC_84934.dir/build
make[1]: Entering directory '/home/nazar/RubymineProjects/codebreaker/new_super_codebreaker_2021/vendor/ruby/2.7.0/gems/rugged-0.27.5/vendor/libgit2/build/CMakeFiles/CMakeTmp'
Building C object CMakeFiles/cmTC_84934.dir/src.c.o
/usr/bin/cc   -fPIC -DHAVE_STRUCT_STAT_ST_MTIMESPEC   -o CMakeFiles/cmTC_84934.dir/src.c.o   -c /home/nazar/RubymineProjects/codebreaker/new_super_codebreaker_2021/vendor/ruby/2.7.0/gems/rugged-0.27.5/vendor/libgit2/build/CMakeFiles/CMakeTmp/src.c
/home/nazar/RubymineProjects/codebreaker/new_super_codebreaker_2021/vendor/ruby/2.7.0/gems/rugged-0.27.5/vendor/libgit2/build/CMakeFiles/CMakeTmp/src.c: In function ‘main’:
/home/nazar/RubymineProjects/codebreaker/new_super_codebreaker_2021/vendor/ruby/2.7.0/gems/rugged-0.27.5/vendor/libgit2/build/CMakeFiles/CMakeTmp/src.c:7:34: error: ‘struct stat’ has no member named ‘st_mtimespec’
    7 |   (void)sizeof(((struct stat *)0)->st_mtimespec);
      |                                  ^~
make[1]: *** [CMakeFiles/cmTC_84934.dir/build.make:66: CMakeFiles/cmTC_84934.dir/src.c.o] Error 1
make[1]: Leaving directory '/home/nazar/RubymineProjects/codebreaker/new_super_codebreaker_2021/vendor/ruby/2.7.0/gems/rugged-0.27.5/vendor/libgit2/build/CMakeFiles/CMakeTmp'
make: *** [Makefile:121: cmTC_84934/fast] Error 2


Source file was:

#include <sys/types.h>
#include <sys/stat.h>

int main()
{
  (void)sizeof(((struct stat *)0)->st_mtimespec);
  return 0;
}

Performing C SOURCE FILE Test HAVE_STRUCT_STAT_MTIME_NSEC failed with the following output:
Change Dir: /home/nazar/RubymineProjects/codebreaker/new_super_codebreaker_2021/vendor/ruby/2.7.0/gems/rugged-0.27.5/vendor/libgit2/build/CMakeFiles/CMakeTmp

Run Build Command(s):/usr/bin/make cmTC_5b34a/fast && /usr/bin/make -f CMakeFiles/cmTC_5b34a.dir/build.make CMakeFiles/cmTC_5b34a.dir/build
make[1]: Entering directory '/home/nazar/RubymineProjects/codebreaker/new_super_codebreaker_2021/vendor/ruby/2.7.0/gems/rugged-0.27.5/vendor/libgit2/build/CMakeFiles/CMakeTmp'
Building C object CMakeFiles/cmTC_5b34a.dir/src.c.o
/usr/bin/cc   -fPIC -DHAVE_STRUCT_STAT_MTIME_NSEC   -o CMakeFiles/cmTC_5b34a.dir/src.c.o   -c /home/nazar/RubymineProjects/codebreaker/new_super_codebreaker_2021/vendor/ruby/2.7.0/gems/rugged-0.27.5/vendor/libgit2/build/CMakeFiles/CMakeTmp/src.c
/home/nazar/RubymineProjects/codebreaker/new_super_codebreaker_2021/vendor/ruby/2.7.0/gems/rugged-0.27.5/vendor/libgit2/build/CMakeFiles/CMakeTmp/src.c: In function ‘main’:
/home/nazar/RubymineProjects/codebreaker/new_super_codebreaker_2021/vendor/ruby/2.7.0/gems/rugged-0.27.5/vendor/libgit2/build/CMakeFiles/CMakeTmp/src.c:6:34: error: ‘struct stat’ has no member named ‘st_mtime_nsec’
    6 |   (void)sizeof(((struct stat *)0)->st_mtime_nsec);
      |                                  ^~
make[1]: *** [CMakeFiles/cmTC_5b34a.dir/build.make:66: CMakeFiles/cmTC_5b34a.dir/src.c.o] Error 1
make[1]: Leaving directory '/home/nazar/RubymineProjects/codebreaker/new_super_codebreaker_2021/vendor/ruby/2.7.0/gems/rugged-0.27.5/vendor/libgit2/build/CMakeFiles/CMakeTmp'
make: *** [Makefile:121: cmTC_5b34a/fast] Error 2


Source file was:

#include <sys/stat.h>

int main()
{
  (void)sizeof(((struct stat *)0)->st_mtime_nsec);
  return 0;
}

Performing C SOURCE FILE Test IS_WDOCUMENTATION_SUPPORTED failed with the following output:
Change Dir: /home/nazar/RubymineProjects/codebreaker/new_super_codebreaker_2021/vendor/ruby/2.7.0/gems/rugged-0.27.5/vendor/libgit2/build/CMakeFiles/CMakeTmp

Run Build Command(s):/usr/bin/make cmTC_eb9a3/fast && /usr/bin/make -f CMakeFiles/cmTC_eb9a3.dir/build.make CMakeFiles/cmTC_eb9a3.dir/build
make[1]: Entering directory '/home/nazar/RubymineProjects/codebreaker/new_super_codebreaker_2021/vendor/ruby/2.7.0/gems/rugged-0.27.5/vendor/libgit2/build/CMakeFiles/CMakeTmp'
Building C object CMakeFiles/cmTC_eb9a3.dir/src.c.o
/usr/bin/cc   -D_GNU_SOURCE -fPIC -Wall -Wextra -DIS_WDOCUMENTATION_SUPPORTED   -Wdocumentation -o CMakeFiles/cmTC_eb9a3.dir/src.c.o   -c /home/nazar/RubymineProjects/codebreaker/new_super_codebreaker_2021/vendor/ruby/2.7.0/gems/rugged-0.27.5/vendor/libgit2/build/CMakeFiles/CMakeTmp/src.c
cc: error: unrecognized command line option '-Wdocumentation'
make[1]: *** [CMakeFiles/cmTC_eb9a3.dir/build.make:66: CMakeFiles/cmTC_eb9a3.dir/src.c.o] Error 1
make[1]: Leaving directory '/home/nazar/RubymineProjects/codebreaker/new_super_codebreaker_2021/vendor/ruby/2.7.0/gems/rugged-0.27.5/vendor/libgit2/build/CMakeFiles/CMakeTmp'
make: *** [Makefile:121: cmTC_eb9a3/fast] Error 2


Source file was:
int main(void) { return 0; }
Determining if the regcomp_l exist failed with the following output:
Change Dir: /home/nazar/RubymineProjects/codebreaker/new_super_codebreaker_2021/vendor/ruby/2.7.0/gems/rugged-0.27.5/vendor/libgit2/build/CMakeFiles/CMakeTmp

Run Build Command(s):/usr/bin/make cmTC_3faf7/fast && /usr/bin/make -f CMakeFiles/cmTC_3faf7.dir/build.make CMakeFiles/cmTC_3faf7.dir/build
make[1]: Entering directory '/home/nazar/RubymineProjects/codebreaker/new_super_codebreaker_2021/vendor/ruby/2.7.0/gems/rugged-0.27.5/vendor/libgit2/build/CMakeFiles/CMakeTmp'
Building C object CMakeFiles/cmTC_3faf7.dir/CheckSymbolExists.c.o
/usr/bin/cc   -D_GNU_SOURCE -fPIC -Wall -Wextra -Wno-missing-field-initializers -Wstrict-aliasing -Wstrict-prototypes -Wdeclaration-after-statement -Wshift-count-overflow -Wno-unused-const-variable -Wno-unused-function    -o CMakeFiles/cmTC_3faf7.dir/CheckSymbolExists.c.o   -c /home/nazar/RubymineProjects/codebreaker/new_super_codebreaker_2021/vendor/ruby/2.7.0/gems/rugged-0.27.5/vendor/libgit2/build/CMakeFiles/CMakeTmp/CheckSymbolExists.c
/home/nazar/RubymineProjects/codebreaker/new_super_codebreaker_2021/vendor/ruby/2.7.0/gems/rugged-0.27.5/vendor/libgit2/build/CMakeFiles/CMakeTmp/CheckSymbolExists.c:3:10: fatal error: xlocale.h: No such file or directory
    3 | #include <xlocale.h>
      |          ^~~~~~~~~~~
compilation terminated.
make[1]: *** [CMakeFiles/cmTC_3faf7.dir/build.make:66: CMakeFiles/cmTC_3faf7.dir/CheckSymbolExists.c.o] Error 1
make[1]: Leaving directory '/home/nazar/RubymineProjects/codebreaker/new_super_codebreaker_2021/vendor/ruby/2.7.0/gems/rugged-0.27.5/vendor/libgit2/build/CMakeFiles/CMakeTmp'
make: *** [Makefile:121: cmTC_3faf7/fast] Error 2


File /home/nazar/RubymineProjects/codebreaker/new_super_codebreaker_2021/vendor/ruby/2.7.0/gems/rugged-0.27.5/vendor/libgit2/build/CMakeFiles/CMakeTmp/CheckSymbolExists.c:
/* */
#include <regex.h>
#include <xlocale.h>

int main(int argc, char** argv)
{
  (void)argv;
#ifndef regcomp_l
  return ((int*)(&regcomp_l))[argc];
#else
  (void)argc;
  return 0;
#endif
}
Determining if the function qsort_s exists failed with the following output:
Change Dir: /home/nazar/RubymineProjects/codebreaker/new_super_codebreaker_2021/vendor/ruby/2.7.0/gems/rugged-0.27.5/vendor/libgit2/build/CMakeFiles/CMakeTmp

Run Build Command(s):/usr/bin/make cmTC_63fca/fast && /usr/bin/make -f CMakeFiles/cmTC_63fca.dir/build.make CMakeFiles/cmTC_63fca.dir/build
make[1]: Entering directory '/home/nazar/RubymineProjects/codebreaker/new_super_codebreaker_2021/vendor/ruby/2.7.0/gems/rugged-0.27.5/vendor/libgit2/build/CMakeFiles/CMakeTmp'
Building C object CMakeFiles/cmTC_63fca.dir/CheckFunctionExists.c.o
/usr/bin/cc   -D_GNU_SOURCE -fPIC -Wall -Wextra -Wno-missing-field-initializers -Wstrict-aliasing -Wstrict-prototypes -Wdeclaration-after-statement -Wshift-count-overflow -Wno-unused-const-variable -Wno-unused-function -DCHECK_FUNCTION_EXISTS=qsort_s   -o CMakeFiles/cmTC_63fca.dir/CheckFunctionExists.c.o   -c /usr/share/cmake-3.16/Modules/CheckFunctionExists.c
Linking C executable cmTC_63fca
/usr/bin/cmake -E cmake_link_script CMakeFiles/cmTC_63fca.dir/link.txt --verbose=1
/usr/bin/cc -D_GNU_SOURCE -fPIC -Wall -Wextra -Wno-missing-field-initializers -Wstrict-aliasing -Wstrict-prototypes -Wdeclaration-after-statement -Wshift-count-overflow -Wno-unused-const-variable -Wno-unused-function -DCHECK_FUNCTION_EXISTS=qsort_s    -rdynamic CMakeFiles/cmTC_63fca.dir/CheckFunctionExists.c.o  -o cmTC_63fca 
/usr/bin/ld: CMakeFiles/cmTC_63fca.dir/CheckFunctionExists.c.o: in function `main':
CheckFunctionExists.c:(.text+0x14): undefined reference to `qsort_s'
collect2: error: ld returned 1 exit status
make[1]: *** [CMakeFiles/cmTC_63fca.dir/build.make:87: cmTC_63fca] Error 1
make[1]: Leaving directory '/home/nazar/RubymineProjects/codebreaker/new_super_codebreaker_2021/vendor/ruby/2.7.0/gems/rugged-0.27.5/vendor/libgit2/build/CMakeFiles/CMakeTmp'
make: *** [Makefile:121: cmTC_63fca/fast] Error 2



